<?xml version="1.0" encoding="UTF-8"?>
<!-- Generated by org.testng.reporters.JUnitReportReporter -->
<testsuite skipped="0" hostname="lenovo" name="com.hms.tests.PatientsPageTest" tests="2" failures="0" timestamp="06 Dec 2018 19:01:16 GMT" time="13.909" errors="0">
  <testcase name="add_patient" time="7.424" classname="com.hms.tests.PatientsPageTest"/>
  <testcase name="add_patient" time="6.485" classname="com.hms.tests.PatientsPageTest"/>
</testsuite> <!-- com.hms.tests.PatientsPageTest -->
