<?xml version="1.0" encoding="UTF-8"?>
<!-- Generated by org.testng.reporters.JUnitReportReporter -->
<testsuite skipped="0" hostname="lenovo" name="com.hms.tests.HomePageTest" tests="1" failures="0" timestamp="11 Dec 2018 08:58:58 GMT" time="13.190" errors="0">
  <testcase name="verify_LoginTest" time="13.190" classname="com.hms.tests.HomePageTest"/>
</testsuite> <!-- com.hms.tests.HomePageTest -->
