<?xml version="1.0" encoding="UTF-8"?>
<!-- Generated by org.testng.reporters.JUnitReportReporter -->
<testsuite skipped="1" hostname="lenovo" name="com.hms.tests.AppointmentsPageTest" tests="8" failures="0" timestamp="06 Dec 2018 13:17:23 GMT" time="1.037" errors="0">
  <testcase name="verify_adminpage_title" time="0.034" classname="com.hms.tests.AppointmentsPageTest"/>
  <testcase name="verify_doctorslink" time="0.110" classname="com.hms.tests.AppointmentsPageTest"/>
  <testcase name="verify_Patientslink" time="0.100" classname="com.hms.tests.AppointmentsPageTest"/>
  <testcase name="verify_appoinitmentslink" time="0.127" classname="com.hms.tests.AppointmentsPageTest"/>
  <testcase name="verify_WelcomeMessage" time="0.117" classname="com.hms.tests.AppointmentsPageTest"/>
  <testcase name="verify_AddNewAppointment_link" time="0.121" classname="com.hms.tests.AppointmentsPageTest"/>
  <testcase name="add_new_appointment" time="0.428" classname="com.hms.tests.AppointmentsPageTest"/>
  <testcase name="verify_hms_label" classname="com.hms.tests.AppointmentsPageTest">
    <skipped/>
  </testcase> <!-- verify_hms_label -->
</testsuite> <!-- com.hms.tests.AppointmentsPageTest -->
