<?xml version="1.0" encoding="UTF-8"?>
<!-- Generated by org.testng.reporters.JUnitReportReporter -->
<testsuite skipped="0" hostname="lenovo" name="com.hms.tests.AdminPageTest" tests="4" failures="0" timestamp="05 Dec 2018 05:13:56 GMT" time="0.378" errors="0">
  <testcase name="verify_pagetitle" time="0.037" classname="com.hms.tests.AdminPageTest"/>
  <testcase name="verify_doctorslink" time="0.118" classname="com.hms.tests.AdminPageTest"/>
  <testcase name="verify_Patientslink" time="0.114" classname="com.hms.tests.AdminPageTest"/>
  <testcase name="verify_appoinitmentslink" time="0.109" classname="com.hms.tests.AdminPageTest"/>
</testsuite> <!-- com.hms.tests.AdminPageTest -->
