<?xml version="1.0" encoding="UTF-8"?>
<!-- Generated by org.testng.reporters.JUnitReportReporter -->
<testsuite skipped="0" hostname="lenovo" name="com.hms.tests.AddNewDoctorPageTest" tests="2" failures="0" timestamp="05 Dec 2018 14:00:38 GMT" time="2.325" errors="0">
  <testcase name="verify_pagetitle" time="0.012" classname="com.hms.tests.AddNewDoctorPageTest"/>
  <testcase name="add_Doctor_singleRecord" time="2.313" classname="com.hms.tests.AddNewDoctorPageTest"/>
</testsuite> <!-- com.hms.tests.AddNewDoctorPageTest -->
