<?xml version="1.0" encoding="UTF-8"?>
<!-- Generated by org.testng.reporters.JUnitReportReporter -->
<testsuite skipped="1" hostname="lenovo" name="com.hms.tests.HomePageTest" tests="2" failures="0" timestamp="07 Dec 2018 13:08:34 GMT" time="28.648" errors="0">
  <testcase name="verify_LoginTest" time="28.648" classname="com.hms.tests.HomePageTest"/>
  <testcase name="verify_HomePageTitle" classname="com.hms.tests.HomePageTest">
    <skipped/>
  </testcase> <!-- verify_HomePageTitle -->
</testsuite> <!-- com.hms.tests.HomePageTest -->
